c:\cornell\projects\cloudcomputing\ldo4gridcloud\liveobjects-source\liveobjects\debug\liveobjects.pch
c:\cornell\projects\cloudcomputing\ldo4gridcloud\liveobjects-source\liveobjects\debug\vc120.pdb
c:\cornell\projects\cloudcomputing\ldo4gridcloud\liveobjects-source\liveobjects\debug\stdafx.obj
c:\cornell\projects\cloudcomputing\ldo4gridcloud\liveobjects-source\liveobjects\debug\liveobjects.obj
c:\cornell\projects\cloudcomputing\ldo4gridcloud\liveobjects-source\liveobjects\debug\assemblyinfo.obj
c:\cornell\projects\cloudcomputing\ldo4gridcloud\liveobjects-source\liveobjects\debug\_installer.obj
c:\cornell\projects\cloudcomputing\ldo4gridcloud\liveobjects-source\liveobjects\debug\.netframework,version=v4.0.assemblyattributes.obj
c:\cornell\projects\cloudcomputing\ldo4gridcloud\liveobjects-source\debug\liveobjects.exe
c:\cornell\projects\cloudcomputing\ldo4gridcloud\liveobjects-source\debug\liveobjects.pdb
c:\cornell\projects\cloudcomputing\ldo4gridcloud\liveobjects-source\debug\liveobjects_1.dll
c:\cornell\projects\cloudcomputing\ldo4gridcloud\liveobjects-source\debug\liveobjects_4.dll
c:\cornell\projects\cloudcomputing\ldo4gridcloud\liveobjects-source\debug\liveobjects_6.dll
c:\cornell\projects\cloudcomputing\ldo4gridcloud\liveobjects-source\debug\liveobjects_7.dll
c:\cornell\projects\cloudcomputing\ldo4gridcloud\liveobjects-source\debug\liveobjects_8.dll
c:\cornell\projects\cloudcomputing\ldo4gridcloud\liveobjects-source\debug\liveobjects_1.pdb
c:\cornell\projects\cloudcomputing\ldo4gridcloud\liveobjects-source\debug\liveobjects_4.pdb
c:\cornell\projects\cloudcomputing\ldo4gridcloud\liveobjects-source\debug\liveobjects_6.pdb
c:\cornell\projects\cloudcomputing\ldo4gridcloud\liveobjects-source\debug\liveobjects_7.pdb
c:\cornell\projects\cloudcomputing\ldo4gridcloud\liveobjects-source\debug\liveobjects_8.pdb
c:\cornell\projects\cloudcomputing\ldo4gridcloud\liveobjects-source\liveobjects\debug\liveobjects.tlog\metagen.write.1.tlog
c:\cornell\projects\cloudcomputing\ldo4gridcloud\liveobjects-source\liveobjects\debug\app.res
c:\cornell\projects\cloudcomputing\ldo4gridcloud\liveobjects-source\liveobjects\debug\liveobjects.vcxprojresolveassemblyreference.cache
c:\cornell\projects\cloudcomputing\ldo4gridcloud\liveobjects-source\liveobjects\debug\liveobjects.tlog\cl.command.1.tlog
c:\cornell\projects\cloudcomputing\ldo4gridcloud\liveobjects-source\liveobjects\debug\liveobjects.tlog\cl.read.1.tlog
c:\cornell\projects\cloudcomputing\ldo4gridcloud\liveobjects-source\liveobjects\debug\liveobjects.tlog\cl.write.1.tlog
c:\cornell\projects\cloudcomputing\ldo4gridcloud\liveobjects-source\liveobjects\debug\liveobjects.tlog\link.command.1.tlog
c:\cornell\projects\cloudcomputing\ldo4gridcloud\liveobjects-source\liveobjects\debug\liveobjects.tlog\link.read.1.tlog
c:\cornell\projects\cloudcomputing\ldo4gridcloud\liveobjects-source\liveobjects\debug\liveobjects.tlog\link.write.1.tlog
c:\cornell\projects\cloudcomputing\ldo4gridcloud\liveobjects-source\liveobjects\debug\liveobjects.tlog\liveobjects.write.1u.tlog
c:\cornell\projects\cloudcomputing\ldo4gridcloud\liveobjects-source\liveobjects\debug\liveobjects.tlog\metagen.read.1.tlog
c:\cornell\projects\cloudcomputing\ldo4gridcloud\liveobjects-source\liveobjects\debug\liveobjects.tlog\rc.command.1.tlog
c:\cornell\projects\cloudcomputing\ldo4gridcloud\liveobjects-source\liveobjects\debug\liveobjects.tlog\rc.read.1.tlog
c:\cornell\projects\cloudcomputing\ldo4gridcloud\liveobjects-source\liveobjects\debug\liveobjects.tlog\rc.write.1.tlog
c:\cornell\projects\cloudcomputing\ldo4gridcloud\liveobjects-source\liveobjects\debug\liveobjects.tlog\liveobjects_1.dll.metagen
c:\cornell\projects\cloudcomputing\ldo4gridcloud\liveobjects-source\liveobjects\debug\liveobjects.tlog\liveobjects_4.dll.metagen
c:\cornell\projects\cloudcomputing\ldo4gridcloud\liveobjects-source\liveobjects\debug\liveobjects.tlog\liveobjects_6.dll.metagen
c:\cornell\projects\cloudcomputing\ldo4gridcloud\liveobjects-source\liveobjects\debug\liveobjects.tlog\liveobjects_8.dll.metagen
c:\cornell\projects\cloudcomputing\ldo4gridcloud\liveobjects-source\liveobjects\debug\liveobjects.tlog\tzres.dll.bi
