c:\cornell\projects\cloudcomputing\ldo4gridcloud\liveobjects-source\liveobjects_3\debug\liveobjects_3.pch
c:\cornell\projects\cloudcomputing\ldo4gridcloud\liveobjects-source\liveobjects_3\debug\vc120.pdb
c:\cornell\projects\cloudcomputing\ldo4gridcloud\liveobjects-source\liveobjects_3\debug\vc120.idb
c:\cornell\projects\cloudcomputing\ldo4gridcloud\liveobjects-source\liveobjects_3\debug\stdafx.obj
c:\cornell\projects\cloudcomputing\ldo4gridcloud\liveobjects-source\liveobjects_3\debug\dllmain.obj
c:\cornell\projects\cloudcomputing\ldo4gridcloud\liveobjects-source\liveobjects_3\debug\liveobjects_3.obj
c:\cornell\projects\cloudcomputing\ldo4gridcloud\liveobjects-source\liveobjects_3\debug\uplink.obj
c:\cornell\projects\cloudcomputing\ldo4gridcloud\liveobjects-source\debug\liveobjects_3.ilk
c:\cornell\projects\cloudcomputing\ldo4gridcloud\liveobjects-source\debug\liveobjects_3.dll
c:\cornell\projects\cloudcomputing\ldo4gridcloud\liveobjects-source\debug\liveobjects_3.pdb
c:\cornell\projects\cloudcomputing\ldo4gridcloud\liveobjects-source\debug\liveobjects_3.lib
c:\cornell\projects\cloudcomputing\ldo4gridcloud\liveobjects-source\debug\liveobjects_3.exp
c:\cornell\projects\cloudcomputing\ldo4gridcloud\liveobjects-source\liveobjects_3\debug\liveobjects_3.res
c:\cornell\projects\cloudcomputing\ldo4gridcloud\liveobjects-source\liveobjects_3\debug\liveobjects_3.tlog\cl.command.1.tlog
c:\cornell\projects\cloudcomputing\ldo4gridcloud\liveobjects-source\liveobjects_3\debug\liveobjects_3.tlog\cl.read.1.tlog
c:\cornell\projects\cloudcomputing\ldo4gridcloud\liveobjects-source\liveobjects_3\debug\liveobjects_3.tlog\cl.write.1.tlog
c:\cornell\projects\cloudcomputing\ldo4gridcloud\liveobjects-source\liveobjects_3\debug\liveobjects_3.tlog\link.command.1.tlog
c:\cornell\projects\cloudcomputing\ldo4gridcloud\liveobjects-source\liveobjects_3\debug\liveobjects_3.tlog\link.read.1.tlog
c:\cornell\projects\cloudcomputing\ldo4gridcloud\liveobjects-source\liveobjects_3\debug\liveobjects_3.tlog\link.write.1.tlog
c:\cornell\projects\cloudcomputing\ldo4gridcloud\liveobjects-source\liveobjects_3\debug\liveobjects_3.tlog\liveobjects_3.write.1u.tlog
c:\cornell\projects\cloudcomputing\ldo4gridcloud\liveobjects-source\liveobjects_3\debug\liveobjects_3.tlog\rc.command.1.tlog
c:\cornell\projects\cloudcomputing\ldo4gridcloud\liveobjects-source\liveobjects_3\debug\liveobjects_3.tlog\rc.read.1.tlog
c:\cornell\projects\cloudcomputing\ldo4gridcloud\liveobjects-source\liveobjects_3\debug\liveobjects_3.tlog\rc.write.1.tlog
