c:\cornell\projects\cloudcomputing\ldo4gridcloud\liveobjects-source\liveobjects_2\debug\liveobjects_2.pch
c:\cornell\projects\cloudcomputing\ldo4gridcloud\liveobjects-source\liveobjects_2\debug\vc120.pdb
c:\cornell\projects\cloudcomputing\ldo4gridcloud\liveobjects-source\liveobjects_2\debug\vc120.idb
c:\cornell\projects\cloudcomputing\ldo4gridcloud\liveobjects-source\liveobjects_2\debug\stdafx.obj
c:\cornell\projects\cloudcomputing\ldo4gridcloud\liveobjects-source\liveobjects_2\debug\liveobjects_2.obj
c:\cornell\projects\cloudcomputing\ldo4gridcloud\liveobjects-source\debug\liveobjects_2.ilk
c:\cornell\projects\cloudcomputing\ldo4gridcloud\liveobjects-source\debug\liveobjects_2.dll
c:\cornell\projects\cloudcomputing\ldo4gridcloud\liveobjects-source\debug\liveobjects_2.pdb
c:\cornell\projects\cloudcomputing\ldo4gridcloud\liveobjects-source\debug\liveobjects_2.lib
c:\cornell\projects\cloudcomputing\ldo4gridcloud\liveobjects-source\debug\liveobjects_2.exp
c:\cornell\projects\cloudcomputing\ldo4gridcloud\liveobjects-source\liveobjects_2\debug\liveobjects_2.res
c:\cornell\projects\cloudcomputing\ldo4gridcloud\liveobjects-source\liveobjects_2\debug\liveobjects_2.tlog\cl.command.1.tlog
c:\cornell\projects\cloudcomputing\ldo4gridcloud\liveobjects-source\liveobjects_2\debug\liveobjects_2.tlog\cl.read.1.tlog
c:\cornell\projects\cloudcomputing\ldo4gridcloud\liveobjects-source\liveobjects_2\debug\liveobjects_2.tlog\cl.write.1.tlog
c:\cornell\projects\cloudcomputing\ldo4gridcloud\liveobjects-source\liveobjects_2\debug\liveobjects_2.tlog\link.command.1.tlog
c:\cornell\projects\cloudcomputing\ldo4gridcloud\liveobjects-source\liveobjects_2\debug\liveobjects_2.tlog\link.read.1.tlog
c:\cornell\projects\cloudcomputing\ldo4gridcloud\liveobjects-source\liveobjects_2\debug\liveobjects_2.tlog\link.write.1.tlog
c:\cornell\projects\cloudcomputing\ldo4gridcloud\liveobjects-source\liveobjects_2\debug\liveobjects_2.tlog\liveobjects_2.write.1u.tlog
c:\cornell\projects\cloudcomputing\ldo4gridcloud\liveobjects-source\liveobjects_2\debug\liveobjects_2.tlog\rc.command.1.tlog
c:\cornell\projects\cloudcomputing\ldo4gridcloud\liveobjects-source\liveobjects_2\debug\liveobjects_2.tlog\rc.read.1.tlog
c:\cornell\projects\cloudcomputing\ldo4gridcloud\liveobjects-source\liveobjects_2\debug\liveobjects_2.tlog\rc.write.1.tlog
